[debug] [2023-02-13T14:59:25.382Z] ----------------------------------------------------------------------
[debug] [2023-02-13T14:59:25.384Z] Command:       C:\Program Files\nodejs\node.exe C:\Users\94tom\AppData\Roaming\npm\node_modules\firebase-tools\lib\bin\firebase.js init functions
[debug] [2023-02-13T14:59:25.384Z] CLI Version:   11.22.0
[debug] [2023-02-13T14:59:25.384Z] Platform:      win32
[debug] [2023-02-13T14:59:25.384Z] Node Version:  v16.15.0
[debug] [2023-02-13T14:59:25.385Z] Time:          Mon Feb 13 2023 15:59:25 GMT+0100 (Středoevropský standardní čas)
[debug] [2023-02-13T14:59:25.385Z] ----------------------------------------------------------------------
[debug] 
[debug] [2023-02-13T14:59:25.393Z] > command requires scopes: ["email","openid","https://www.googleapis.com/auth/cloudplatformprojects.readonly","https://www.googleapis.com/auth/firebase","https://www.googleapis.com/auth/cloud-platform"]
[debug] [2023-02-13T14:59:25.394Z] > authorizing via signed-in user (94toman@gmail.com)
[info] 
     ######## #### ########  ######## ########     ###     ######  ########
     ##        ##  ##     ## ##       ##     ##  ##   ##  ##       ##
     ######    ##  ########  ######   ########  #########  ######  ######
     ##        ##  ##    ##  ##       ##     ## ##     ##       ## ##
     ##       #### ##     ## ######## ########  ##     ##  ######  ########

You're about to initialize a Firebase project in this directory:

  C:\Webs\NewsNative

Before we get started, keep in mind:

  * You are currently outside your home directory

[info] 
=== Project Setup
[info] 
[info] First, let's associate this project directory with a Firebase project.
[info] You can create multiple project aliases by running firebase use --add, 
[info] but for now we'll just set up a default project.
[info] 
